../data/NoMusic/NorSID/nb.projectedTrain.conll.fixed


AddToPlaylist	1842
BookRestaurant	1873
PlayMusic	1900
RateBook	1856
SearchCreativeWork	1854
SearchScreeningEvent	1859
alarm/cancel_alarm	2069
alarm/modify_alarm	439
alarm/set_alarm	4816
alarm/show_alarms	1142
alarm/snooze_alarm	432
alarm/time_left_on_alarm	384
reminder/cancel_reminder	1151
reminder/set_reminder	4743
reminder/show_reminders	1006
weather/checkSunrise	124
weather/checkSunset	168
weather/find	15947

alarm/alarm_modifier	19
album	181
artist	2078
best_rating	993
condition_description	517
condition_temperature	577
cuisine	227
datetime	24770
entity_name	634
facility	156
genre	161
location	10472
movie_name	901
movie_type	691
music_item	1460
negation	7
news/type	2
object_location_type	432
object_name	3099
object_part_of_series_type	255
object_select	499
object_type	3092
party_size_description	368
party_size_number	1068
playlist	2043
rating_unit	1205
rating_value	1782
recurring_datetime	1343
reference	1374
reminder/reminder_modifier	1
reminder/todo	6143
restaurant_name	351
restaurant_type	1322
served_dish	294
service	685
sort	514
timer/attributes	1
track	212
weather/attribute	12458
weather/temperatureUnit	1033

B-alarm/alarm_modifier	19
B-album	181
B-artist	2078
B-best_rating	993
B-condition_description	517
B-condition_temperature	577
B-cuisine	227
B-datetime	24770
B-entity_name	634
B-facility	156
B-genre	161
B-location	10472
B-movie_name	901
B-movie_type	691
B-music_item	1460
B-negation	7
B-news/type	2
B-object_location_type	432
B-object_name	3099
B-object_part_of_series_type	255
B-object_select	499
B-object_type	3092
B-party_size_description	368
B-party_size_number	1068
B-playlist	2043
B-rating_unit	1205
B-rating_value	1782
B-recurring_datetime	1343
B-reference	1374
B-reminder/reminder_modifier	1
B-reminder/todo	6143
B-restaurant_name	351
B-restaurant_type	1322
B-served_dish	294
B-service	685
B-sort	514
B-timer/attributes	1
B-track	212
B-weather/attribute	12458
B-weather/temperatureUnit	1033
I-alarm/alarm_modifier	2
I-album	337
I-artist	2264
I-best_rating	50
I-condition_description	491
I-condition_temperature	417
I-cuisine	101
I-datetime	32604
I-entity_name	1275
I-facility	61
I-genre	123
I-location	7584
I-movie_name	1526
I-movie_type	298
I-music_item	1038
I-negation	5
I-object_location_type	85
I-object_name	6320
I-object_part_of_series_type	78
I-object_select	234
I-object_type	1225
I-party_size_description	745
I-party_size_number	300
I-playlist	3313
I-rating_unit	17
I-rating_value	256
I-recurring_datetime	3530
I-reference	121
I-reminder/reminder_modifier	5
I-reminder/todo	13820
I-restaurant_name	502
I-restaurant_type	843
I-served_dish	125
I-service	209
I-sort	382
I-track	386
I-weather/attribute	12081
I-weather/temperatureUnit	179


../data/xsid/data/xSID-0.6/en.train.conll


AddToPlaylist	1842
BookRestaurant	1873
PlayMusic	1900
RateBook	1856
SearchCreativeWork	1854
SearchScreeningEvent	1859
alarm/cancel_alarm	2069
alarm/modify_alarm	439
alarm/set_alarm	4816
alarm/show_alarms	1142
alarm/snooze_alarm	432
alarm/time_left_on_alarm	384
reminder/cancel_reminder	1151
reminder/set_reminder	4743
reminder/show_reminders	1006
weather/checkSunrise	124
weather/checkSunset	168
weather/find	15947

alarm/alarm_modifier	44
album	166
artist	1803
best_rating	999
condition_description	430
condition_temperature	454
cuisine	199
datetime	23105
entity_name	570
facility	154
genre	140
location	10119
movie_name	771
movie_type	662
music_item	1585
negation	5
news/type	2
object_location_type	445
object_name	2778
object_part_of_series_type	288
object_select	940
object_type	3023
party_size_description	302
party_size_number	966
playlist	1989
rating_unit	1063
rating_value	1857
recurring_datetime	1230
reference	5184
reminder/reminder_modifier	4
reminder/todo	5200
restaurant_name	321
restaurant_type	1300
served_dish	256
service	715
sort	521
timer/attributes	1
track	196
weather/attribute	11533
weather/temperatureUnit	1097

B-alarm/alarm_modifier	44
B-album	166
B-artist	1803
B-best_rating	999
B-condition_description	430
B-condition_temperature	454
B-cuisine	199
B-datetime	23105
B-entity_name	570
B-facility	154
B-genre	140
B-location	10119
B-movie_name	771
B-movie_type	662
B-music_item	1585
B-negation	5
B-news/type	2
B-object_location_type	445
B-object_name	2778
B-object_part_of_series_type	288
B-object_select	940
B-object_type	3023
B-party_size_description	302
B-party_size_number	966
B-playlist	1989
B-rating_unit	1063
B-rating_value	1857
B-recurring_datetime	1230
B-reference	5184
B-reminder/reminder_modifier	4
B-reminder/todo	5200
B-restaurant_name	321
B-restaurant_type	1300
B-served_dish	256
B-service	715
B-sort	521
B-timer/attributes	1
B-track	196
B-weather/attribute	11533
B-weather/temperatureUnit	1097
I-alarm/alarm_modifier	1
I-album	366
I-artist	1775
I-cuisine	28
I-datetime	18426
I-entity_name	1177
I-facility	14
I-genre	52
I-location	5606
I-movie_name	1874
I-movie_type	221
I-music_item	37
I-object_location_type	291
I-object_name	7400
I-object_part_of_series_type	3
I-object_select	3
I-object_type	975
I-party_size_description	903
I-playlist	3230
I-recurring_datetime	3502
I-reference	295
I-reminder/reminder_modifier	3
I-reminder/todo	12807
I-restaurant_name	560
I-restaurant_type	135
I-served_dish	128
I-service	156
I-sort	150
I-track	410
I-weather/attribute	529


../data/NoMusic/NorSID/norsid_dev.conll

B	300
N	600
T	900
V	1500

AddToPlaylist	209
BookRestaurant	286
PlayMusic	264
RateBook	165
SearchCreativeWork	209
SearchScreeningEvent	253
alarm/cancel_alarm	242
alarm/modify_alarm	11
alarm/set_alarm	264
alarm/show_alarms	110
alarm/snooze_alarm	22
reminder/cancel_reminder	110
reminder/set_reminder	143
reminder/show_reminders	132
weather/find	880

album	22
artist	250
best_rating	108
condition_description	96
condition_temperature	44
cuisine	11
datetime	1417
entity_name	33
facility	13
genre	11
location	726
movie_name	111
movie_type	75
music_item	224
object_location_type	60
object_name	295
object_select	73
object_type	336
party_size_description	56
party_size_number	138
playlist	217
rating_unit	129
rating_value	162
recurring_datetime	61
reference	503
reminder/todo	208
restaurant_name	33
restaurant_type	175
served_dish	52
service	124
sort	108
track	11
weather/attribute	561

B-album	22
B-artist	250
B-best_rating	108
B-condition_description	96
B-condition_temperature	44
B-cuisine	11
B-datetime	1417
B-entity_name	33
B-facility	13
B-genre	11
B-location	726
B-movie_name	111
B-movie_type	75
B-music_item	224
B-object_location_type	60
B-object_name	295
B-object_select	73
B-object_type	336
B-party_size_description	56
B-party_size_number	138
B-playlist	217
B-rating_unit	129
B-rating_value	162
B-recurring_datetime	61
B-reference	503
B-reminder/todo	208
B-restaurant_name	33
B-restaurant_type	175
B-served_dish	52
B-service	124
B-sort	108
B-track	11
B-weather/attribute	561
I-album	11
I-artist	237
I-condition_description	3
I-cuisine	8
I-datetime	1754
I-entity_name	77
I-location	433
I-movie_name	218
I-movie_type	20
I-music_item	2
I-object_location_type	8
I-object_name	957
I-object_select	23
I-object_type	33
I-party_size_description	175
I-playlist	490
I-recurring_datetime	277
I-reference	10
I-reminder/todo	346
I-restaurant_name	42
I-service	42
I-sort	39
I-weather/attribute	28


../data/NoMusic/NorSID/norsid_test.conll

B	500
N	1000
T	1500
V	2500

AddToPlaylist	374
BookRestaurant	473
PlayMusic	429
RateBook	352
SearchCreativeWork	363
SearchScreeningEvent	407
alarm/cancel_alarm	341
alarm/set_alarm	319
alarm/show_alarms	209
alarm/snooze_alarm	33
alarm/time_left_on_alarm	44
reminder/cancel_reminder	198
reminder/set_reminder	407
reminder/show_reminders	209
weather/find	1342

album	55
artist	368
best_rating	133
condition_description	65
condition_temperature	67
cuisine	66
datetime	1983
entity_name	66
facility	22
genre	11
location	1250
movie_name	222
movie_type	85
music_item	319
object_location_type	99
object_name	546
object_part_of_series_type	59
object_select	169
object_type	574
party_size_description	44
party_size_number	227
playlist	427
rating_unit	223
rating_value	327
recurring_datetime	122
reference	948
reminder/todo	426
restaurant_name	129
restaurant_type	242
served_dish	22
service	165
sort	83
track	22
weather/attribute	808

B-album	55
B-artist	368
B-best_rating	133
B-condition_description	65
B-condition_temperature	67
B-cuisine	66
B-datetime	1983
B-entity_name	66
B-facility	22
B-genre	11
B-location	1250
B-movie_name	222
B-movie_type	85
B-music_item	319
B-object_location_type	99
B-object_name	546
B-object_part_of_series_type	59
B-object_select	169
B-object_type	574
B-party_size_description	44
B-party_size_number	227
B-playlist	427
B-rating_unit	223
B-rating_value	327
B-recurring_datetime	122
B-reference	948
B-reminder/todo	426
B-restaurant_name	129
B-restaurant_type	242
B-served_dish	22
B-service	165
B-sort	83
B-track	22
B-weather/attribute	808
I-album	78
I-artist	374
I-datetime	2284
I-entity_name	285
I-facility	1
I-genre	11
I-location	729
I-movie_name	511
I-movie_type	39
I-music_item	1
I-object_location_type	9
I-object_name	1335
I-object_select	42
I-object_type	52
I-party_size_description	128
I-playlist	684
I-rating_unit	5
I-recurring_datetime	271
I-reference	37
I-reminder/todo	835
I-restaurant_name	269
I-restaurant_type	2
I-served_dish	11
I-service	31
I-track	44
I-weather/attribute	44


../data/norsid_dev_dev_machamp.conll

B	26
N	50
T	102
V	152

AddToPlaylist	17
BookRestaurant	38
PlayMusic	21
RateBook	19
SearchCreativeWork	18
SearchScreeningEvent	24
alarm/cancel_alarm	21
alarm/modify_alarm	1
alarm/set_alarm	23
alarm/show_alarms	18
alarm/snooze_alarm	1
reminder/cancel_reminder	13
reminder/set_reminder	17
reminder/show_reminders	19
weather/find	80

album	3
artist	21
best_rating	14
condition_description	10
condition_temperature	1
datetime	131
entity_name	3
facility	4
genre	1
location	63
movie_name	5
movie_type	9
music_item	19
object_location_type	4
object_name	26
object_select	11
object_type	38
party_size_description	5
party_size_number	22
playlist	16
rating_unit	14
rating_value	19
recurring_datetime	6
reference	63
reminder/todo	29
restaurant_name	3
restaurant_type	26
served_dish	10
service	9
sort	11
track	1
weather/attribute	51

B-album	3
B-artist	21
B-best_rating	14
B-condition_description	10
B-condition_temperature	1
B-datetime	131
B-entity_name	3
B-facility	4
B-genre	1
B-location	63
B-movie_name	5
B-movie_type	9
B-music_item	19
B-object_location_type	4
B-object_name	26
B-object_select	11
B-object_type	38
B-party_size_description	5
B-party_size_number	22
B-playlist	16
B-rating_unit	14
B-rating_value	19
B-recurring_datetime	6
B-reference	63
B-reminder/todo	29
B-restaurant_name	3
B-restaurant_type	26
B-served_dish	10
B-service	9
B-sort	11
B-track	1
B-weather/attribute	51
I-album	1
I-artist	21
I-condition_description	1
I-datetime	171
I-entity_name	6
I-location	40
I-movie_name	8
I-movie_type	5
I-music_item	1
I-object_name	88
I-object_select	3
I-object_type	2
I-party_size_description	18
I-playlist	43
I-recurring_datetime	28
I-reference	1
I-reminder/todo	42
I-restaurant_name	4
I-service	3
I-sort	4
I-weather/attribute	2


../data/norsid_dev_train_machamp.conll

B	274
N	550
T	798
V	1348

AddToPlaylist	192
BookRestaurant	248
PlayMusic	243
RateBook	146
SearchCreativeWork	191
SearchScreeningEvent	229
alarm/cancel_alarm	221
alarm/modify_alarm	10
alarm/set_alarm	241
alarm/show_alarms	92
alarm/snooze_alarm	21
reminder/cancel_reminder	97
reminder/set_reminder	126
reminder/show_reminders	113
weather/find	800

album	19
artist	229
best_rating	94
condition_description	86
condition_temperature	43
cuisine	11
datetime	1286
entity_name	30
facility	9
genre	10
location	663
movie_name	106
movie_type	66
music_item	205
object_location_type	56
object_name	269
object_select	62
object_type	298
party_size_description	51
party_size_number	116
playlist	201
rating_unit	115
rating_value	143
recurring_datetime	55
reference	440
reminder/todo	179
restaurant_name	30
restaurant_type	149
served_dish	42
service	115
sort	97
track	10
weather/attribute	510

B-album	19
B-artist	229
B-best_rating	94
B-condition_description	86
B-condition_temperature	43
B-cuisine	11
B-datetime	1286
B-entity_name	30
B-facility	9
B-genre	10
B-location	663
B-movie_name	106
B-movie_type	66
B-music_item	205
B-object_location_type	56
B-object_name	269
B-object_select	62
B-object_type	298
B-party_size_description	51
B-party_size_number	116
B-playlist	201
B-rating_unit	115
B-rating_value	143
B-recurring_datetime	55
B-reference	440
B-reminder/todo	179
B-restaurant_name	30
B-restaurant_type	149
B-served_dish	42
B-service	115
B-sort	97
B-track	10
B-weather/attribute	510
I-album	10
I-artist	216
I-condition_description	2
I-cuisine	8
I-datetime	1583
I-entity_name	71
I-location	393
I-movie_name	210
I-movie_type	15
I-music_item	1
I-object_location_type	8
I-object_name	869
I-object_select	20
I-object_type	31
I-party_size_description	157
I-playlist	447
I-recurring_datetime	249
I-reference	9
I-reminder/todo	304
I-restaurant_name	38
I-service	39
I-sort	35
I-weather/attribute	26